\BOOKMARK [1][-]{section.1}{Introduction}{}% 1
\BOOKMARK [1][-]{section.2}{Application areas of Virtual and Augmented Reality}{}% 2
\BOOKMARK [2][-]{subsection.2.1}{Health-care}{section.2}% 3
\BOOKMARK [3][-]{subsubsection.2.1.1}{Pain management}{subsection.2.1}% 4
\BOOKMARK [3][-]{subsubsection.2.1.2}{Phobia treatment}{subsection.2.1}% 5
\BOOKMARK [3][-]{subsubsection.2.1.3}{Identifying the early signs of schizophrenia}{subsection.2.1}% 6
\BOOKMARK [2][-]{subsection.2.2}{Education}{section.2}% 7
\BOOKMARK [2][-]{subsection.2.3}{Military}{section.2}% 8
\BOOKMARK [2][-]{subsection.2.4}{Engineering and Industry}{section.2}% 9
\BOOKMARK [2][-]{subsection.2.5}{Food Sector}{section.2}% 10
\BOOKMARK [2][-]{subsection.2.6}{Real Estate}{section.2}% 11
\BOOKMARK [2][-]{subsection.2.7}{Entertainment}{section.2}% 12
\BOOKMARK [1][-]{section.3}{Current issues with Virtual and Augmented Reality}{}% 13
\BOOKMARK [2][-]{subsection.3.1}{Current issues with Virtual Reality}{section.3}% 14
\BOOKMARK [3][-]{subsubsection.3.1.1}{Simulator sickness}{subsection.3.1}% 15
\BOOKMARK [3][-]{subsubsection.3.1.2}{Movement}{subsection.3.1}% 16
\BOOKMARK [3][-]{subsubsection.3.1.3}{The screen-door effect}{subsection.3.1}% 17
\BOOKMARK [3][-]{subsubsection.3.1.4}{Health risks}{subsection.3.1}% 18
\BOOKMARK [2][-]{subsection.3.2}{Current issues with Augmented Reality}{section.3}% 19
\BOOKMARK [3][-]{subsubsection.3.2.1}{First impression}{subsection.3.2}% 20
\BOOKMARK [3][-]{subsubsection.3.2.2}{Cost and Availability}{subsection.3.2}% 21
\BOOKMARK [3][-]{subsubsection.3.2.3}{Tracking}{subsection.3.2}% 22
\BOOKMARK [3][-]{subsubsection.3.2.4}{Perceived usefulness}{subsection.3.2}% 23
\BOOKMARK [3][-]{subsubsection.3.2.5}{Field of view}{subsection.3.2}% 24
\BOOKMARK [3][-]{subsubsection.3.2.6}{Visuals}{subsection.3.2}% 25
\BOOKMARK [1][-]{section.4}{Conclusion}{}% 26
\BOOKMARK [1][-]{section*.8}{Abbreviations and Acronyms}{}% 27
\BOOKMARK [1][-]{section*.9}{List of Figures}{}% 28
\BOOKMARK [1][-]{section*.10}{References}{}% 29
